[2014-07-01 09:14:32] alias_create_exceute
alias_create_exceute () 
{ 
    for _path in "$rvm_rubies_path" "$rvm_environments_path" "$rvm_wrappers_path";
    do
        if [[ -L "$_path/$alias_name" ]]; then
            \rm -fv "$_path/$alias_name" || return $?;
        fi;
        \ln -fs "$_path/$rvm_ruby_string" "$_path/$alias_name" || return $?;
    done;
    __rvm_db_ "$rvm_path/config/alias" "$alias_name" "$rvm_ruby_string"
}
current path: /home/thanhcongframgia/Desktop
GEM_HOME=/home/thanhcongframgia/.rvm/gems/ruby-1.9.3-p547
PATH=/home/thanhcongframgia/.rvm/gems/ruby-1.9.3-p547/bin:/home/thanhcongframgia/.rvm/gems/ruby-1.9.3-p547@global/bin:/home/thanhcongframgia/.rvm/rubies/ruby-1.9.3-p547/bin:/home/thanhcongframgia/.rvm/bin:/usr/lib/lightdm/lightdm:/usr/local/sbin:/usr/local/bin:/usr/sbin:/usr/bin:/sbin:/bin:/usr/games
GEM_PATH=/home/thanhcongframgia/.rvm/gems/ruby-1.9.3-p547:/home/thanhcongframgia/.rvm/gems/ruby-1.9.3-p547@global
command(1): alias_create_exceute
+ for _path in '"$rvm_rubies_path"' '"$rvm_environments_path"' '"$rvm_wrappers_path"'
+ [[ -L /home/thanhcongframgia/.rvm/rubies/default ]]
+ ln -fs /home/thanhcongframgia/.rvm/rubies/ruby-1.9.3-p547 /home/thanhcongframgia/.rvm/rubies/default
+ for _path in '"$rvm_rubies_path"' '"$rvm_environments_path"' '"$rvm_wrappers_path"'
+ [[ -L /home/thanhcongframgia/.rvm/environments/default ]]
+ ln -fs /home/thanhcongframgia/.rvm/environments/ruby-1.9.3-p547 /home/thanhcongframgia/.rvm/environments/default
+ for _path in '"$rvm_rubies_path"' '"$rvm_environments_path"' '"$rvm_wrappers_path"'
+ [[ -L /home/thanhcongframgia/.rvm/wrappers/default ]]
+ ln -fs /home/thanhcongframgia/.rvm/wrappers/ruby-1.9.3-p547 /home/thanhcongframgia/.rvm/wrappers/default
+ __rvm_db_ /home/thanhcongframgia/.rvm/config/alias default ruby-1.9.3-p547
+ typeset __db __key __value
+ __db=/home/thanhcongframgia/.rvm/config/alias
+ __key=default
+ shift 2
+ __value=ruby-1.9.3-p547
+ case "${__value}" in
+ __rvm_db_add /home/thanhcongframgia/.rvm/config/alias default ruby-1.9.3-p547
+ typeset __dir=/home/thanhcongframgia/.rvm/config
+ [[ -f /home/thanhcongframgia/.rvm/config/alias ]]
+ __rvm_db_remove /home/thanhcongframgia/.rvm/config/alias default
+ [[ -f /home/thanhcongframgia/.rvm/config/alias ]]
+ __rvm_sed -e 's#^default=.*$##' -e '/^$/d' /home/thanhcongframgia/.rvm/config/alias
+ sed -e 's#^default=.*$##' -e '/^$/d' /home/thanhcongframgia/.rvm/config/alias
+ mv -f /home/thanhcongframgia/.rvm/config/alias.new /home/thanhcongframgia/.rvm/config/alias
+ printf '%b=%b\n' default ruby-1.9.3-p547
